{"file":"D:/Golang-program/datalot/base/base.go:56","func":"datalot/base.Init","level":"info","msg":"读取 Mysql 配置成功!","time":"2020-04-13 13:39:57"}
{"file":"D:/Golang-program/datalot/base/base.go:84","func":"datalot/base.Init","level":"info","msg":"数据库连接成功!","time":"2020-04-13 13:39:57"}
{"file":"D:/Golang-program/datalot/base/base.go:56","func":"datalot/base.Init","level":"info","msg":"读取 Mysql 配置成功!","time":"2020-04-13 13:41:04"}
{"file":"D:/Golang-program/datalot/base/base.go:84","func":"datalot/base.Init","level":"info","msg":"数据库连接成功!","time":"2020-04-13 13:41:04"}
{"file":"D:/Golang-program/datalot/base/base.go:56","func":"datalot/base.Init","level":"info","msg":"读取 Mysql 配置成功!","time":"2020-04-13 13:41:24"}
{"file":"D:/Golang-program/datalot/base/base.go:84","func":"datalot/base.Init","level":"info","msg":"数据库连接成功!","time":"2020-04-13 13:41:24"}
{"file":"D:/Golang-program/datalot/handler/login.go:21","func":"datalot/handler.(*Gin).Login","level":"error","msg":"获取请求结果失败: invalid character '-' in numeric literal","time":"2020-04-13 13:41:41"}
{"file":"D:/Golang-program/datalot/base/base.go:56","func":"datalot/base.Init","level":"info","msg":"读取 Mysql 配置成功!","time":"2020-04-13 13:42:24"}
{"file":"D:/Golang-program/datalot/base/base.go:84","func":"datalot/base.Init","level":"info","msg":"数据库连接成功!","time":"2020-04-13 13:42:24"}
{"file":"D:/Golang-program/datalot/handler/login.go:21","func":"datalot/handler.(*Gin).Login","level":"error","msg":"获取请求结果失败: invalid character '-' in numeric literal","time":"2020-04-13 13:42:30"}
{"file":"D:/Golang-program/datalot/handler/login.go:33","func":"datalot/handler.(*Gin).Login","level":"error","msg":"查询用户信息失败: Error 1054: Unknown column 'mid' in 'field list'","time":"2020-04-13 13:43:13"}
{"file":"D:/Golang-program/datalot/base/base.go:56","func":"datalot/base.Init","level":"info","msg":"读取 Mysql 配置成功!","time":"2020-04-13 13:44:40"}
{"file":"D:/Golang-program/datalot/base/base.go:84","func":"datalot/base.Init","level":"info","msg":"数据库连接成功!","time":"2020-04-13 13:44:40"}
{"file":"D:/Golang-program/datalot/handler/login.go:33","func":"datalot/handler.(*Gin).Login","level":"error","msg":"查询用户信息失败: sql: no rows in result set","time":"2020-04-13 13:45:15"}
{"file":"D:/Golang-program/datalot/base/base.go:56","func":"datalot/base.Init","level":"info","msg":"读取 Mysql 配置成功!","time":"2020-04-13 13:46:14"}
{"file":"D:/Golang-program/datalot/base/base.go:84","func":"datalot/base.Init","level":"info","msg":"数据库连接成功!","time":"2020-04-13 13:46:14"}
{"file":"D:/Golang-program/datalot/base/base.go:56","func":"datalot/base.Init","level":"info","msg":"读取 Mysql 配置成功!","time":"2020-04-13 13:47:50"}
{"file":"D:/Golang-program/datalot/base/base.go:84","func":"datalot/base.Init","level":"info","msg":"数据库连接成功!","time":"2020-04-13 13:47:50"}
{"file":"D:/Golang-program/datalot/base/base.go:56","func":"datalot/base.Init","level":"info","msg":"读取 Mysql 配置成功!","time":"2020-04-13 13:48:22"}
{"file":"D:/Golang-program/datalot/base/base.go:84","func":"datalot/base.Init","level":"info","msg":"数据库连接成功!","time":"2020-04-13 13:48:22"}
{"file":"D:/Golang-program/datalot/base/base.go:56","func":"datalot/base.Init","level":"info","msg":"读取 Mysql 配置成功!","time":"2020-04-13 13:49:47"}
{"file":"D:/Golang-program/datalot/base/base.go:84","func":"datalot/base.Init","level":"info","msg":"数据库连接成功!","time":"2020-04-13 13:49:47"}
{"file":"D:/Golang-program/datalot/handler/login.go:33","func":"datalot/handler.(*Gin).Login","level":"error","msg":"查询用户信息失败: \u003cnil\u003e","time":"2020-04-13 13:49:49"}
{"file":"D:/Golang-program/datalot/base/base.go:56","func":"datalot/base.Init","level":"info","msg":"读取 Mysql 配置成功!","time":"2020-04-13 13:50:19"}
{"file":"D:/Golang-program/datalot/base/base.go:84","func":"datalot/base.Init","level":"info","msg":"数据库连接成功!","time":"2020-04-13 13:50:19"}
{"file":"D:/Golang-program/datalot/handler/login.go:33","func":"datalot/handler.(*Gin).Login","level":"error","msg":"查询用户信息失败,id: 0","time":"2020-04-13 13:50:21"}
{"file":"D:/Golang-program/datalot/base/base.go:56","func":"datalot/base.Init","level":"info","msg":"读取 Mysql 配置成功!","time":"2020-04-13 13:59:03"}
{"file":"D:/Golang-program/datalot/base/base.go:84","func":"datalot/base.Init","level":"info","msg":"数据库连接成功!","time":"2020-04-13 13:59:03"}
{"file":"D:/Golang-program/datalot/base/base.go:56","func":"datalot/base.Init","level":"info","msg":"读取 Mysql 配置成功!","time":"2020-04-13 13:59:25"}
{"file":"D:/Golang-program/datalot/base/base.go:84","func":"datalot/base.Init","level":"info","msg":"数据库连接成功!","time":"2020-04-13 13:59:25"}
{"file":"D:/Golang-program/datalot/base/base.go:56","func":"datalot/base.Init","level":"info","msg":"读取 Mysql 配置成功!","time":"2020-04-13 14:23:23"}
{"file":"D:/Golang-program/datalot/base/base.go:84","func":"datalot/base.Init","level":"info","msg":"数据库连接成功!","time":"2020-04-13 14:23:23"}
{"file":"D:/Golang-program/datalot/base/base.go:90","func":"datalot/base.Init","level":"info","msg":"读取地图资源配置成功!","time":"2020-04-13 14:23:23"}
{"file":"D:/Golang-program/datalot/base/base.go:56","func":"datalot/base.Init","level":"info","msg":"读取 Mysql 配置成功!","time":"2020-04-13 16:16:32"}
{"file":"D:/Golang-program/datalot/base/base.go:84","func":"datalot/base.Init","level":"info","msg":"数据库连接成功!","time":"2020-04-13 16:16:32"}
{"file":"D:/Golang-program/datalot/base/base.go:90","func":"datalot/base.Init","level":"info","msg":"读取地图资源配置成功!","time":"2020-04-13 16:16:32"}
{"file":"D:/Golang-program/datalot/handler/login.go:21","func":"datalot/handler.(*Gin).Login","level":"error","msg":"获取请求结果失败: EOF","time":"2020-04-13 16:16:34"}
{"file":"D:/Golang-program/datalot/handler/login.go:33","func":"datalot/handler.(*Gin).Login","level":"warning","msg":"查询用户信息失败,id: 0","time":"2020-04-13 16:16:39"}
