{"file":"D:/Golang-program/datalot/base/base.go:57","func":"datalot/base.Init","level":"info","msg":"读取 Mysql 配置成功!","time":"2020-05-06 09:25:04"}
{"file":"D:/Golang-program/datalot/base/base.go:85","func":"datalot/base.Init","level":"info","msg":"数据库连接成功!","time":"2020-05-06 09:25:04"}
{"file":"D:/Golang-program/datalot/base/base.go:91","func":"datalot/base.Init","level":"info","msg":"读取地图资源配置成功!","time":"2020-05-06 09:25:04"}
{"file":"D:/Golang-program/datalot/base/base.go:97","func":"datalot/base.Init","level":"info","msg":"IM即时通讯配置成功!","time":"2020-05-06 09:25:04"}
{"file":"D:/Golang-program/datalot/middleware/jwt.go:28","func":"datalot/middleware.JWTAuth.func1","level":"error","msg":"Token解析失败!","time":"2020-05-06 10:10:10"}
{"file":"D:/Golang-program/datalot/base/base.go:57","func":"datalot/base.Init","level":"info","msg":"读取 Mysql 配置成功!","time":"2020-05-06 14:30:34"}
{"file":"D:/Golang-program/datalot/base/base.go:85","func":"datalot/base.Init","level":"info","msg":"数据库连接成功!","time":"2020-05-06 14:30:34"}
{"file":"D:/Golang-program/datalot/base/base.go:91","func":"datalot/base.Init","level":"info","msg":"读取地图资源配置成功!","time":"2020-05-06 14:30:34"}
{"file":"D:/Golang-program/datalot/base/base.go:97","func":"datalot/base.Init","level":"info","msg":"IM即时通讯配置成功!","time":"2020-05-06 14:30:34"}
{"file":"D:/Golang-program/datalot/base/base.go:57","func":"datalot/base.Init","level":"info","msg":"读取 Mysql 配置成功!","time":"2020-05-06 14:55:47"}
{"file":"D:/Golang-program/datalot/base/base.go:85","func":"datalot/base.Init","level":"info","msg":"数据库连接成功!","time":"2020-05-06 14:55:47"}
{"file":"D:/Golang-program/datalot/base/base.go:91","func":"datalot/base.Init","level":"info","msg":"读取地图资源配置成功!","time":"2020-05-06 14:55:47"}
{"file":"D:/Golang-program/datalot/base/base.go:97","func":"datalot/base.Init","level":"info","msg":"IM即时通讯配置成功!","time":"2020-05-06 14:55:47"}
{"file":"D:/Golang-program/datalot/base/base.go:57","func":"datalot/base.Init","level":"info","msg":"读取 Mysql 配置成功!","time":"2020-05-06 14:57:49"}
{"file":"D:/Golang-program/datalot/base/base.go:85","func":"datalot/base.Init","level":"info","msg":"数据库连接成功!","time":"2020-05-06 14:57:49"}
{"file":"D:/Golang-program/datalot/base/base.go:91","func":"datalot/base.Init","level":"info","msg":"读取地图资源配置成功!","time":"2020-05-06 14:57:49"}
{"file":"D:/Golang-program/datalot/base/base.go:97","func":"datalot/base.Init","level":"info","msg":"IM即时通讯配置成功!","time":"2020-05-06 14:57:49"}
{"file":"D:/Golang-program/datalot/base/base.go:57","func":"datalot/base.Init","level":"info","msg":"读取 Mysql 配置成功!","time":"2020-05-06 15:00:05"}
{"file":"D:/Golang-program/datalot/base/base.go:85","func":"datalot/base.Init","level":"info","msg":"数据库连接成功!","time":"2020-05-06 15:00:05"}
{"file":"D:/Golang-program/datalot/base/base.go:91","func":"datalot/base.Init","level":"info","msg":"读取地图资源配置成功!","time":"2020-05-06 15:00:05"}
{"file":"D:/Golang-program/datalot/base/base.go:97","func":"datalot/base.Init","level":"info","msg":"IM即时通讯配置成功!","time":"2020-05-06 15:00:05"}
{"file":"D:/Golang-program/datalot/base/base.go:57","func":"datalot/base.Init","level":"info","msg":"读取 Mysql 配置成功!","time":"2020-05-06 15:02:26"}
{"file":"D:/Golang-program/datalot/base/base.go:85","func":"datalot/base.Init","level":"info","msg":"数据库连接成功!","time":"2020-05-06 15:02:26"}
{"file":"D:/Golang-program/datalot/base/base.go:91","func":"datalot/base.Init","level":"info","msg":"读取地图资源配置成功!","time":"2020-05-06 15:02:26"}
{"file":"D:/Golang-program/datalot/base/base.go:97","func":"datalot/base.Init","level":"info","msg":"IM即时通讯配置成功!","time":"2020-05-06 15:02:26"}
{"file":"D:/Golang-program/datalot/handler/login.go:36","func":"datalot/handler.(*Gin).Login","level":"error","msg":"查询失败: sql: Scan error on column index 4, name \"interest\": converting NULL to string is unsupported","time":"2020-05-06 15:02:27"}
{"file":"D:/Golang-program/datalot/handler/login.go:36","func":"datalot/handler.(*Gin).Login","level":"error","msg":"查询失败: sql: Scan error on column index 4, name \"interest\": converting NULL to string is unsupported","time":"2020-05-06 15:03:58"}
{"file":"D:/Golang-program/datalot/base/base.go:57","func":"datalot/base.Init","level":"info","msg":"读取 Mysql 配置成功!","time":"2020-05-06 15:04:26"}
{"file":"D:/Golang-program/datalot/base/base.go:85","func":"datalot/base.Init","level":"info","msg":"数据库连接成功!","time":"2020-05-06 15:04:26"}
{"file":"D:/Golang-program/datalot/base/base.go:91","func":"datalot/base.Init","level":"info","msg":"读取地图资源配置成功!","time":"2020-05-06 15:04:26"}
{"file":"D:/Golang-program/datalot/base/base.go:97","func":"datalot/base.Init","level":"info","msg":"IM即时通讯配置成功!","time":"2020-05-06 15:04:26"}
{"file":"D:/Golang-program/datalot/base/base.go:57","func":"datalot/base.Init","level":"info","msg":"读取 Mysql 配置成功!","time":"2020-05-06 15:06:30"}
{"file":"D:/Golang-program/datalot/base/base.go:85","func":"datalot/base.Init","level":"info","msg":"数据库连接成功!","time":"2020-05-06 15:06:30"}
{"file":"D:/Golang-program/datalot/base/base.go:91","func":"datalot/base.Init","level":"info","msg":"读取地图资源配置成功!","time":"2020-05-06 15:06:30"}
{"file":"D:/Golang-program/datalot/base/base.go:97","func":"datalot/base.Init","level":"info","msg":"IM即时通讯配置成功!","time":"2020-05-06 15:06:30"}
{"file":"D:/Golang-program/datalot/middleware/jwt.go:28","func":"datalot/middleware.JWTAuth.func1","level":"error","msg":"Token解析失败!","time":"2020-05-06 15:08:19"}
{"file":"D:/Golang-program/datalot/base/base.go:57","func":"datalot/base.Init","level":"info","msg":"读取 Mysql 配置成功!","time":"2020-05-06 15:09:56"}
{"file":"D:/Golang-program/datalot/base/base.go:85","func":"datalot/base.Init","level":"info","msg":"数据库连接成功!","time":"2020-05-06 15:09:56"}
{"file":"D:/Golang-program/datalot/base/base.go:91","func":"datalot/base.Init","level":"info","msg":"读取地图资源配置成功!","time":"2020-05-06 15:09:56"}
{"file":"D:/Golang-program/datalot/base/base.go:97","func":"datalot/base.Init","level":"info","msg":"IM即时通讯配置成功!","time":"2020-05-06 15:09:56"}
{"file":"D:/Golang-program/datalot/handler/dynamic.go:239","func":"datalot/handler.comment","level":"error","msg":"数据转换失败: unexpected end of JSON input","time":"2020-05-06 15:10:05"}
{"file":"D:/Golang-program/datalot/handler/dynamic.go:239","func":"datalot/handler.comment","level":"error","msg":"数据转换失败: unexpected end of JSON input","time":"2020-05-06 15:10:05"}
{"file":"D:/Golang-program/datalot/handler/dynamic.go:239","func":"datalot/handler.comment","level":"error","msg":"数据转换失败: unexpected end of JSON input","time":"2020-05-06 15:10:05"}
{"file":"D:/Golang-program/datalot/handler/dynamic.go:239","func":"datalot/handler.comment","level":"error","msg":"数据转换失败: unexpected end of JSON input","time":"2020-05-06 15:10:05"}
{"file":"D:/Golang-program/datalot/handler/dynamic.go:239","func":"datalot/handler.comment","level":"error","msg":"数据转换失败: unexpected end of JSON input","time":"2020-05-06 15:10:05"}
{"file":"D:/Golang-program/datalot/handler/dynamic.go:239","func":"datalot/handler.comment","level":"error","msg":"数据转换失败: unexpected end of JSON input","time":"2020-05-06 15:10:05"}
{"file":"D:/Golang-program/datalot/handler/dynamic.go:239","func":"datalot/handler.comment","level":"error","msg":"数据转换失败: unexpected end of JSON input","time":"2020-05-06 15:10:05"}
{"file":"D:/Golang-program/datalot/handler/dynamic.go:239","func":"datalot/handler.comment","level":"error","msg":"数据转换失败: unexpected end of JSON input","time":"2020-05-06 15:10:05"}
{"file":"D:/Golang-program/datalot/handler/dynamic.go:239","func":"datalot/handler.comment","level":"error","msg":"数据转换失败: unexpected end of JSON input","time":"2020-05-06 15:10:05"}
{"file":"D:/Golang-program/datalot/base/base.go:57","func":"datalot/base.Init","level":"info","msg":"读取 Mysql 配置成功!","time":"2020-05-06 15:18:57"}
{"file":"D:/Golang-program/datalot/base/base.go:85","func":"datalot/base.Init","level":"info","msg":"数据库连接成功!","time":"2020-05-06 15:18:57"}
{"file":"D:/Golang-program/datalot/base/base.go:91","func":"datalot/base.Init","level":"info","msg":"读取地图资源配置成功!","time":"2020-05-06 15:18:57"}
{"file":"D:/Golang-program/datalot/base/base.go:97","func":"datalot/base.Init","level":"info","msg":"IM即时通讯配置成功!","time":"2020-05-06 15:18:57"}
{"file":"D:/Golang-program/datalot/base/base.go:57","func":"datalot/base.Init","level":"info","msg":"读取 Mysql 配置成功!","time":"2020-05-06 15:22:56"}
{"file":"D:/Golang-program/datalot/base/base.go:85","func":"datalot/base.Init","level":"info","msg":"数据库连接成功!","time":"2020-05-06 15:22:56"}
{"file":"D:/Golang-program/datalot/base/base.go:91","func":"datalot/base.Init","level":"info","msg":"读取地图资源配置成功!","time":"2020-05-06 15:22:56"}
{"file":"D:/Golang-program/datalot/base/base.go:97","func":"datalot/base.Init","level":"info","msg":"IM即时通讯配置成功!","time":"2020-05-06 15:22:56"}
{"file":"D:/Golang-program/datalot/handler/dynamic.go:239","func":"datalot/handler.comment","level":"error","msg":"数据转换失败: unexpected end of JSON input","time":"2020-05-06 15:23:25"}
{"file":"D:/Golang-program/datalot/handler/dynamic.go:239","func":"datalot/handler.comment","level":"error","msg":"数据转换失败: unexpected end of JSON input","time":"2020-05-06 15:23:25"}
{"file":"D:/Golang-program/datalot/handler/dynamic.go:239","func":"datalot/handler.comment","level":"error","msg":"数据转换失败: unexpected end of JSON input","time":"2020-05-06 15:25:00"}
{"file":"D:/Golang-program/datalot/handler/dynamic.go:239","func":"datalot/handler.comment","level":"error","msg":"数据转换失败: unexpected end of JSON input","time":"2020-05-06 15:25:00"}
{"file":"D:/Golang-program/datalot/handler/dynamic.go:239","func":"datalot/handler.comment","level":"error","msg":"数据转换失败: unexpected end of JSON input","time":"2020-05-06 15:25:37"}
{"file":"D:/Golang-program/datalot/handler/dynamic.go:239","func":"datalot/handler.comment","level":"error","msg":"数据转换失败: unexpected end of JSON input","time":"2020-05-06 15:25:37"}
{"file":"D:/Golang-program/datalot/handler/dynamic.go:239","func":"datalot/handler.comment","level":"error","msg":"数据转换失败: unexpected end of JSON input","time":"2020-05-06 15:26:35"}
{"file":"D:/Golang-program/datalot/handler/dynamic.go:239","func":"datalot/handler.comment","level":"error","msg":"数据转换失败: unexpected end of JSON input","time":"2020-05-06 15:26:35"}
{"file":"D:/Golang-program/datalot/handler/dynamic.go:239","func":"datalot/handler.comment","level":"error","msg":"数据转换失败: unexpected end of JSON input","time":"2020-05-06 15:27:51"}
{"file":"D:/Golang-program/datalot/base/base.go:57","func":"datalot/base.Init","level":"info","msg":"读取 Mysql 配置成功!","time":"2020-05-06 15:47:12"}
{"file":"D:/Golang-program/datalot/base/base.go:85","func":"datalot/base.Init","level":"info","msg":"数据库连接成功!","time":"2020-05-06 15:47:12"}
{"file":"D:/Golang-program/datalot/base/base.go:91","func":"datalot/base.Init","level":"info","msg":"读取地图资源配置成功!","time":"2020-05-06 15:47:12"}
{"file":"D:/Golang-program/datalot/base/base.go:97","func":"datalot/base.Init","level":"info","msg":"IM即时通讯配置成功!","time":"2020-05-06 15:47:12"}
{"file":"D:/Golang-program/datalot/base/base.go:57","func":"datalot/base.Init","level":"info","msg":"读取 Mysql 配置成功!","time":"2020-05-06 16:16:04"}
{"file":"D:/Golang-program/datalot/base/base.go:85","func":"datalot/base.Init","level":"info","msg":"数据库连接成功!","time":"2020-05-06 16:16:04"}
{"file":"D:/Golang-program/datalot/base/base.go:91","func":"datalot/base.Init","level":"info","msg":"读取地图资源配置成功!","time":"2020-05-06 16:16:04"}
{"file":"D:/Golang-program/datalot/base/base.go:97","func":"datalot/base.Init","level":"info","msg":"IM即时通讯配置成功!","time":"2020-05-06 16:16:04"}
{"file":"D:/Golang-program/datalot/base/base.go:57","func":"datalot/base.Init","level":"info","msg":"读取 Mysql 配置成功!","time":"2020-05-06 16:16:28"}
{"file":"D:/Golang-program/datalot/base/base.go:85","func":"datalot/base.Init","level":"info","msg":"数据库连接成功!","time":"2020-05-06 16:16:28"}
{"file":"D:/Golang-program/datalot/base/base.go:91","func":"datalot/base.Init","level":"info","msg":"读取地图资源配置成功!","time":"2020-05-06 16:16:28"}
{"file":"D:/Golang-program/datalot/base/base.go:97","func":"datalot/base.Init","level":"info","msg":"IM即时通讯配置成功!","time":"2020-05-06 16:16:28"}
{"file":"D:/Golang-program/datalot/base/base.go:57","func":"datalot/base.Init","level":"info","msg":"读取 Mysql 配置成功!","time":"2020-05-06 16:18:56"}
{"file":"D:/Golang-program/datalot/base/base.go:85","func":"datalot/base.Init","level":"info","msg":"数据库连接成功!","time":"2020-05-06 16:18:56"}
{"file":"D:/Golang-program/datalot/base/base.go:91","func":"datalot/base.Init","level":"info","msg":"读取地图资源配置成功!","time":"2020-05-06 16:18:56"}
{"file":"D:/Golang-program/datalot/base/base.go:97","func":"datalot/base.Init","level":"info","msg":"IM即时通讯配置成功!","time":"2020-05-06 16:18:56"}
{"file":"D:/Golang-program/datalot/base/base.go:57","func":"datalot/base.Init","level":"info","msg":"读取 Mysql 配置成功!","time":"2020-05-06 16:20:21"}
{"file":"D:/Golang-program/datalot/base/base.go:85","func":"datalot/base.Init","level":"info","msg":"数据库连接成功!","time":"2020-05-06 16:20:21"}
{"file":"D:/Golang-program/datalot/base/base.go:91","func":"datalot/base.Init","level":"info","msg":"读取地图资源配置成功!","time":"2020-05-06 16:20:21"}
{"file":"D:/Golang-program/datalot/base/base.go:97","func":"datalot/base.Init","level":"info","msg":"IM即时通讯配置成功!","time":"2020-05-06 16:20:21"}
{"file":"D:/Golang-program/datalot/base/base.go:57","func":"datalot/base.Init","level":"info","msg":"读取 Mysql 配置成功!","time":"2020-05-06 16:25:24"}
{"file":"D:/Golang-program/datalot/base/base.go:85","func":"datalot/base.Init","level":"info","msg":"数据库连接成功!","time":"2020-05-06 16:25:24"}
{"file":"D:/Golang-program/datalot/base/base.go:91","func":"datalot/base.Init","level":"info","msg":"读取地图资源配置成功!","time":"2020-05-06 16:25:24"}
{"file":"D:/Golang-program/datalot/base/base.go:97","func":"datalot/base.Init","level":"info","msg":"IM即时通讯配置成功!","time":"2020-05-06 16:25:24"}
{"file":"D:/Golang-program/datalot/base/base.go:57","func":"datalot/base.Init","level":"info","msg":"读取 Mysql 配置成功!","time":"2020-05-06 16:27:39"}
{"file":"D:/Golang-program/datalot/base/base.go:85","func":"datalot/base.Init","level":"info","msg":"数据库连接成功!","time":"2020-05-06 16:27:39"}
{"file":"D:/Golang-program/datalot/base/base.go:91","func":"datalot/base.Init","level":"info","msg":"读取地图资源配置成功!","time":"2020-05-06 16:27:39"}
{"file":"D:/Golang-program/datalot/base/base.go:97","func":"datalot/base.Init","level":"info","msg":"IM即时通讯配置成功!","time":"2020-05-06 16:27:39"}
{"file":"D:/Golang-program/datalot/base/base.go:57","func":"datalot/base.Init","level":"info","msg":"读取 Mysql 配置成功!","time":"2020-05-06 16:35:26"}
{"file":"D:/Golang-program/datalot/base/base.go:85","func":"datalot/base.Init","level":"info","msg":"数据库连接成功!","time":"2020-05-06 16:35:26"}
{"file":"D:/Golang-program/datalot/base/base.go:91","func":"datalot/base.Init","level":"info","msg":"读取地图资源配置成功!","time":"2020-05-06 16:35:26"}
{"file":"D:/Golang-program/datalot/base/base.go:97","func":"datalot/base.Init","level":"info","msg":"IM即时通讯配置成功!","time":"2020-05-06 16:35:26"}
{"file":"D:/Golang-program/datalot/base/base.go:57","func":"datalot/base.Init","level":"info","msg":"读取 Mysql 配置成功!","time":"2020-05-06 16:39:07"}
{"file":"D:/Golang-program/datalot/base/base.go:85","func":"datalot/base.Init","level":"info","msg":"数据库连接成功!","time":"2020-05-06 16:39:07"}
{"file":"D:/Golang-program/datalot/base/base.go:91","func":"datalot/base.Init","level":"info","msg":"读取地图资源配置成功!","time":"2020-05-06 16:39:07"}
{"file":"D:/Golang-program/datalot/base/base.go:97","func":"datalot/base.Init","level":"info","msg":"IM即时通讯配置成功!","time":"2020-05-06 16:39:07"}
{"file":"D:/Golang-program/datalot/base/base.go:57","func":"datalot/base.Init","level":"info","msg":"读取 Mysql 配置成功!","time":"2020-05-06 16:39:59"}
{"file":"D:/Golang-program/datalot/base/base.go:85","func":"datalot/base.Init","level":"info","msg":"数据库连接成功!","time":"2020-05-06 16:39:59"}
{"file":"D:/Golang-program/datalot/base/base.go:91","func":"datalot/base.Init","level":"info","msg":"读取地图资源配置成功!","time":"2020-05-06 16:39:59"}
{"file":"D:/Golang-program/datalot/base/base.go:97","func":"datalot/base.Init","level":"info","msg":"IM即时通讯配置成功!","time":"2020-05-06 16:39:59"}
{"file":"D:/Golang-program/datalot/base/base.go:57","func":"datalot/base.Init","level":"info","msg":"读取 Mysql 配置成功!","time":"2020-05-06 16:41:27"}
{"file":"D:/Golang-program/datalot/base/base.go:85","func":"datalot/base.Init","level":"info","msg":"数据库连接成功!","time":"2020-05-06 16:41:27"}
{"file":"D:/Golang-program/datalot/base/base.go:91","func":"datalot/base.Init","level":"info","msg":"读取地图资源配置成功!","time":"2020-05-06 16:41:27"}
{"file":"D:/Golang-program/datalot/base/base.go:97","func":"datalot/base.Init","level":"info","msg":"IM即时通讯配置成功!","time":"2020-05-06 16:41:27"}
{"file":"D:/Golang-program/datalot/base/base.go:57","func":"datalot/base.Init","level":"info","msg":"读取 Mysql 配置成功!","time":"2020-05-06 16:43:56"}
{"file":"D:/Golang-program/datalot/base/base.go:85","func":"datalot/base.Init","level":"info","msg":"数据库连接成功!","time":"2020-05-06 16:43:56"}
{"file":"D:/Golang-program/datalot/base/base.go:91","func":"datalot/base.Init","level":"info","msg":"读取地图资源配置成功!","time":"2020-05-06 16:43:56"}
{"file":"D:/Golang-program/datalot/base/base.go:97","func":"datalot/base.Init","level":"info","msg":"IM即时通讯配置成功!","time":"2020-05-06 16:43:56"}
{"file":"D:/Golang-program/datalot/base/base.go:57","func":"datalot/base.Init","level":"info","msg":"读取 Mysql 配置成功!","time":"2020-05-06 16:44:28"}
{"file":"D:/Golang-program/datalot/base/base.go:85","func":"datalot/base.Init","level":"info","msg":"数据库连接成功!","time":"2020-05-06 16:44:28"}
{"file":"D:/Golang-program/datalot/base/base.go:91","func":"datalot/base.Init","level":"info","msg":"读取地图资源配置成功!","time":"2020-05-06 16:44:28"}
{"file":"D:/Golang-program/datalot/base/base.go:97","func":"datalot/base.Init","level":"info","msg":"IM即时通讯配置成功!","time":"2020-05-06 16:44:28"}
{"file":"D:/Golang-program/datalot/base/base.go:57","func":"datalot/base.Init","level":"info","msg":"读取 Mysql 配置成功!","time":"2020-05-06 16:45:27"}
{"file":"D:/Golang-program/datalot/base/base.go:85","func":"datalot/base.Init","level":"info","msg":"数据库连接成功!","time":"2020-05-06 16:45:27"}
{"file":"D:/Golang-program/datalot/base/base.go:91","func":"datalot/base.Init","level":"info","msg":"读取地图资源配置成功!","time":"2020-05-06 16:45:27"}
{"file":"D:/Golang-program/datalot/base/base.go:97","func":"datalot/base.Init","level":"info","msg":"IM即时通讯配置成功!","time":"2020-05-06 16:45:27"}
{"file":"D:/Golang-program/datalot/base/base.go:57","func":"datalot/base.Init","level":"info","msg":"读取 Mysql 配置成功!","time":"2020-05-06 16:46:22"}
{"file":"D:/Golang-program/datalot/base/base.go:85","func":"datalot/base.Init","level":"info","msg":"数据库连接成功!","time":"2020-05-06 16:46:22"}
{"file":"D:/Golang-program/datalot/base/base.go:91","func":"datalot/base.Init","level":"info","msg":"读取地图资源配置成功!","time":"2020-05-06 16:46:22"}
{"file":"D:/Golang-program/datalot/base/base.go:97","func":"datalot/base.Init","level":"info","msg":"IM即时通讯配置成功!","time":"2020-05-06 16:46:22"}
{"file":"D:/Golang-program/datalot/handler/dynamic.go:175","func":"datalot/handler.(*Gin).ViewList","level":"error","msg":"ASE error: crypto/aes: invalid key size 3","time":"2020-05-06 16:46:25"}
{"file":"D:/Golang-program/datalot/base/base.go:57","func":"datalot/base.Init","level":"info","msg":"读取 Mysql 配置成功!","time":"2020-05-06 16:47:12"}
{"file":"D:/Golang-program/datalot/base/base.go:85","func":"datalot/base.Init","level":"info","msg":"数据库连接成功!","time":"2020-05-06 16:47:12"}
{"file":"D:/Golang-program/datalot/base/base.go:91","func":"datalot/base.Init","level":"info","msg":"读取地图资源配置成功!","time":"2020-05-06 16:47:12"}
{"file":"D:/Golang-program/datalot/base/base.go:97","func":"datalot/base.Init","level":"info","msg":"IM即时通讯配置成功!","time":"2020-05-06 16:47:12"}
{"file":"D:/Golang-program/datalot/base/base.go:57","func":"datalot/base.Init","level":"info","msg":"读取 Mysql 配置成功!","time":"2020-05-06 16:47:23"}
{"file":"D:/Golang-program/datalot/base/base.go:85","func":"datalot/base.Init","level":"info","msg":"数据库连接成功!","time":"2020-05-06 16:47:23"}
{"file":"D:/Golang-program/datalot/base/base.go:91","func":"datalot/base.Init","level":"info","msg":"读取地图资源配置成功!","time":"2020-05-06 16:47:23"}
{"file":"D:/Golang-program/datalot/base/base.go:97","func":"datalot/base.Init","level":"info","msg":"IM即时通讯配置成功!","time":"2020-05-06 16:47:23"}
{"file":"D:/Golang-program/datalot/handler/dynamic.go:174","func":"datalot/handler.(*Gin).ViewList","level":"error","msg":"ASE error: crypto/aes: invalid key size 8","time":"2020-05-06 16:47:27"}
{"file":"D:/Golang-program/datalot/base/base.go:57","func":"datalot/base.Init","level":"info","msg":"读取 Mysql 配置成功!","time":"2020-05-06 16:53:14"}
{"file":"D:/Golang-program/datalot/base/base.go:85","func":"datalot/base.Init","level":"info","msg":"数据库连接成功!","time":"2020-05-06 16:53:14"}
{"file":"D:/Golang-program/datalot/base/base.go:91","func":"datalot/base.Init","level":"info","msg":"读取地图资源配置成功!","time":"2020-05-06 16:53:14"}
{"file":"D:/Golang-program/datalot/base/base.go:97","func":"datalot/base.Init","level":"info","msg":"IM即时通讯配置成功!","time":"2020-05-06 16:53:14"}
{"file":"D:/Golang-program/datalot/base/base.go:57","func":"datalot/base.Init","level":"info","msg":"读取 Mysql 配置成功!","time":"2020-05-06 17:01:17"}
{"file":"D:/Golang-program/datalot/base/base.go:85","func":"datalot/base.Init","level":"info","msg":"数据库连接成功!","time":"2020-05-06 17:01:17"}
{"file":"D:/Golang-program/datalot/base/base.go:91","func":"datalot/base.Init","level":"info","msg":"读取地图资源配置成功!","time":"2020-05-06 17:01:17"}
{"file":"D:/Golang-program/datalot/base/base.go:97","func":"datalot/base.Init","level":"info","msg":"IM即时通讯配置成功!","time":"2020-05-06 17:01:17"}
{"file":"D:/Golang-program/datalot/base/base.go:57","func":"datalot/base.Init","level":"info","msg":"读取 Mysql 配置成功!","time":"2020-05-06 20:05:19"}
{"file":"D:/Golang-program/datalot/base/base.go:85","func":"datalot/base.Init","level":"info","msg":"数据库连接成功!","time":"2020-05-06 20:05:19"}
{"file":"D:/Golang-program/datalot/base/base.go:91","func":"datalot/base.Init","level":"info","msg":"读取地图资源配置成功!","time":"2020-05-06 20:05:19"}
{"file":"D:/Golang-program/datalot/base/base.go:97","func":"datalot/base.Init","level":"info","msg":"IM即时通讯配置成功!","time":"2020-05-06 20:05:19"}
